[0921/172209.166:ERROR:process_reader_win.cc(151)] SuspendThread: Access is denied. (0x5)
[0921/172209.167:ERROR:process_reader_win.cc(123)] NtOpenThread: An invalid Client ID was specified.  (0xc000000b)
[0921/172209.168:ERROR:process_reader_win.cc(123)] NtOpenThread: An invalid Client ID was specified.  (0xc000000b)
[0921/172209.168:ERROR:process_reader_win.cc(123)] NtOpenThread: An invalid Client ID was specified.  (0xc000000b)
[0921/172209.168:ERROR:process_reader_win.cc(123)] NtOpenThread: An invalid Client ID was specified.  (0xc000000b)
[0921/172209.168:ERROR:process_reader_win.cc(123)] NtOpenThread: An invalid Client ID was specified.  (0xc000000b)
[0921/172209.168:ERROR:process_reader_win.cc(123)] NtOpenThread: An invalid Client ID was specified.  (0xc000000b)
[0921/172209.168:ERROR:process_reader_win.cc(123)] NtOpenThread: An invalid Client ID was specified.  (0xc000000b)
[0921/172209.168:ERROR:process_reader_win.cc(123)] NtOpenThread: An invalid Client ID was specified.  (0xc000000b)
[0921/172209.168:ERROR:process_reader_win.cc(123)] NtOpenThread: An invalid Client ID was specified.  (0xc000000b)
[0921/172209.181:ERROR:process_reader_win.cc(151)] SuspendThread: Access is denied. (0x5)
[0921/172209.181:ERROR:process_reader_win.cc(123)] NtOpenThread: An invalid Client ID was specified.  (0xc000000b)
[0921/172209.181:ERROR:exception_snapshot_win.cc(87)] thread ID 7240 not found in process
[0921/172209.181:WARNING:crash_report_exception_handler.cc(62)] ProcessSnapshotWin::Initialize failed
[0921/172209.181:ERROR:scoped_process_suspend.cc(39)] NtResumeProcess: An attempt was made to access an exiting process.  (0xc000010a)
[0921/172318.206:ERROR:process_reader_win.cc(151)] SuspendThread: Access is denied. (0x5)
[0921/172318.207:ERROR:process_reader_win.cc(123)] NtOpenThread: An invalid Client ID was specified.  (0xc000000b)
[0921/172318.208:ERROR:process_reader_win.cc(123)] NtOpenThread: An invalid Client ID was specified.  (0xc000000b)
[0921/172318.208:ERROR:process_reader_win.cc(123)] NtOpenThread: An invalid Client ID was specified.  (0xc000000b)
[0921/172318.208:ERROR:process_reader_win.cc(123)] NtOpenThread: An invalid Client ID was specified.  (0xc000000b)
[0921/172318.208:ERROR:process_reader_win.cc(123)] NtOpenThread: An invalid Client ID was specified.  (0xc000000b)
[0921/172318.218:ERROR:process_reader_win.cc(151)] SuspendThread: Access is denied. (0x5)
[0921/172318.218:ERROR:process_reader_win.cc(123)] NtOpenThread: An invalid Client ID was specified.  (0xc000000b)
[0921/172318.218:ERROR:process_reader_win.cc(242)] ReadMemory at 0xb7993fb440 of 16 bytes failed: Only part of a ReadProcessMemory or WriteProcessMemory request was completed. (0x12B)
[0921/172318.219:ERROR:exception_snapshot_win.cc(180)] EXCEPTION_POINTERS read failed
[0921/172318.219:WARNING:crash_report_exception_handler.cc(62)] ProcessSnapshotWin::Initialize failed
[0921/172318.219:ERROR:scoped_process_suspend.cc(39)] NtResumeProcess: An attempt was made to access an exiting process.  (0xc000010a)
